<?xml version="1.0" encoding="utf-8"?><testsuites name="pytest tests"><testsuite name="pytest" errors="0" failures="0" skipped="0" tests="10" time="2.508" timestamp="2026-05-18T13:32:20.116363+00:00" hostname="agent-env-17ffe6f8-3828-49f2-95db-e965f1d1b4a2"><testcase classname="backend.tests.test_workquire_api.TestHealth" name="test_health_endpoint" time="0.273" /><testcase classname="backend.tests.test_workquire_api.TestInquiryCreate" name="test_create_va_inquiry_returns_email_sent_true" time="0.303" /><testcase classname="backend.tests.test_workquire_api.TestInquiryCreate" name="test_create_team_inquiry_with_team_size" time="0.823" /><testcase classname="backend.tests.test_workquire_api.TestInquiryValidation" name="test_missing_required_field_returns_422[name]" time="0.051" /><testcase classname="backend.tests.test_workquire_api.TestInquiryValidation" name="test_missing_required_field_returns_422[email]" time="0.048" /><testcase classname="backend.tests.test_workquire_api.TestInquiryValidation" name="test_missing_required_field_returns_422[message]" time="0.052" /><testcase classname="backend.tests.test_workquire_api.TestInquiryValidation" name="test_empty_required_field_returns_422" time="0.052" /><testcase classname="backend.tests.test_workquire_api.TestInquiryValidation" name="test_invalid_email_returns_422" time="0.049" /><testcase classname="backend.tests.test_workquire_api.TestInquiryValidation" name="test_invalid_inquiry_type_returns_422" time="0.051" /><testcase classname="backend.tests.test_workquire_api.TestInquiryList" name="test_list_returns_sorted_desc_and_no_mongo_id" time="0.693" /></testsuite></testsuites>